{"C:\\Users\\suheidorn\\Documents\\projects\\github\\p5.drawer\\test\\coverage\\p5.drawer.test.js": {"path":"C:\\Users\\suheidorn\\Documents\\projects\\github\\p5.drawer\\test\\coverage\\p5.drawer.test.js","statementMap":{"0":{"start":{"line":1,"column":9},"end":{"line":134,"column":12}},"1":{"start":{"line":3,"column":33},"end":{"line":3,"column":35}},"2":{"start":{"line":9,"column":11},"end":{"line":11,"column":12}},"3":{"start":{"line":10,"column":12},"end":{"line":10,"column":54}},"4":{"start":{"line":13,"column":24},"end":{"line":17,"column":12}},"5":{"start":{"line":20,"column":11},"end":{"line":20,"column":95}},"6":{"start":{"line":23,"column":11},"end":{"line":23,"column":27}},"7":{"start":{"line":26,"column":11},"end":{"line":26,"column":33}},"8":{"start":{"line":31,"column":10},"end":{"line":31,"column":42}},"9":{"start":{"line":34,"column":10},"end":{"line":34,"column":51}},"10":{"start":{"line":37,"column":10},"end":{"line":41,"column":12}},"11":{"start":{"line":38,"column":11},"end":{"line":40,"column":12}},"12":{"start":{"line":39,"column":12},"end":{"line":39,"column":84}},"13":{"start":{"line":44,"column":10},"end":{"line":49,"column":12}},"14":{"start":{"line":45,"column":11},"end":{"line":47,"column":12}},"15":{"start":{"line":46,"column":12},"end":{"line":46,"column":84}},"16":{"start":{"line":48,"column":11},"end":{"line":48,"column":73}},"17":{"start":{"line":56,"column":10},"end":{"line":65,"column":12}},"18":{"start":{"line":57,"column":11},"end":{"line":57,"column":59}},"19":{"start":{"line":57,"column":24},"end":{"line":57,"column":59}},"20":{"start":{"line":58,"column":11},"end":{"line":58,"column":37}},"21":{"start":{"line":58,"column":24},"end":{"line":58,"column":37}},"22":{"start":{"line":59,"column":11},"end":{"line":59,"column":97}},"23":{"start":{"line":59,"column":84},"end":{"line":59,"column":97}},"24":{"start":{"line":60,"column":20},"end":{"line":60,"column":39}},"25":{"start":{"line":61,"column":11},"end":{"line":61,"column":37}},"26":{"start":{"line":62,"column":11},"end":{"line":62,"column":84}},"27":{"start":{"line":63,"column":11},"end":{"line":63,"column":159}},"28":{"start":{"line":63,"column":52},"end":{"line":63,"column":159}},"29":{"start":{"line":63,"column":74},"end":{"line":63,"column":159}},"30":{"start":{"line":63,"column":121},"end":{"line":63,"column":139}},"31":{"start":{"line":64,"column":11},"end":{"line":64,"column":21}},"32":{"start":{"line":68,"column":10},"end":{"line":74,"column":12}},"33":{"start":{"line":69,"column":24},"end":{"line":71,"column":58}},"34":{"start":{"line":70,"column":36},"end":{"line":70,"column":61}},"35":{"start":{"line":71,"column":42},"end":{"line":71,"column":56}},"36":{"start":{"line":72,"column":11},"end":{"line":72,"column":54}},"37":{"start":{"line":73,"column":11},"end":{"line":73,"column":25}},"38":{"start":{"line":77,"column":10},"end":{"line":77,"column":128}},"39":{"start":{"line":77,"column":63},"end":{"line":77,"column":125}},"40":{"start":{"line":80,"column":10},"end":{"line":80,"column":54}},"41":{"start":{"line":84,"column":10},"end":{"line":84,"column":98}},"42":{"start":{"line":96,"column":0},"end":{"line":96,"column":12495}},"43":{"start":{"line":107,"column":0},"end":{"line":107,"column":4684451}},"44":{"start":{"line":118,"column":0},"end":{"line":118,"column":567}},"45":{"start":{"line":130,"column":0},"end":{"line":130,"column":3225}}},"fnMap":{"0":{"name":"(anonymous_0)","decl":{"start":{"line":1,"column":10},"end":{"line":1,"column":11}},"loc":{"start":{"line":1,"column":28},"end":{"line":85,"column":10}},"line":1},"1":{"name":"__webpack_require__","decl":{"start":{"line":6,"column":19},"end":{"line":6,"column":38}},"loc":{"start":{"line":6,"column":49},"end":{"line":27,"column":11}},"line":6},"2":{"name":"(anonymous_2)","decl":{"start":{"line":37,"column":34},"end":{"line":37,"column":35}},"loc":{"start":{"line":37,"column":66},"end":{"line":41,"column":11}},"line":37},"3":{"name":"(anonymous_3)","decl":{"start":{"line":44,"column":34},"end":{"line":44,"column":35}},"loc":{"start":{"line":44,"column":52},"end":{"line":49,"column":11}},"line":44},"4":{"name":"(anonymous_4)","decl":{"start":{"line":56,"column":34},"end":{"line":56,"column":35}},"loc":{"start":{"line":56,"column":56},"end":{"line":65,"column":11}},"line":56},"5":{"name":"(anonymous_5)","decl":{"start":{"line":63,"column":105},"end":{"line":63,"column":106}},"loc":{"start":{"line":63,"column":119},"end":{"line":63,"column":141}},"line":63},"6":{"name":"(anonymous_6)","decl":{"start":{"line":68,"column":34},"end":{"line":68,"column":35}},"loc":{"start":{"line":68,"column":51},"end":{"line":74,"column":11}},"line":68},"7":{"name":"getDefault","decl":{"start":{"line":70,"column":21},"end":{"line":70,"column":31}},"loc":{"start":{"line":70,"column":34},"end":{"line":70,"column":63}},"line":70},"8":{"name":"getModuleExports","decl":{"start":{"line":71,"column":21},"end":{"line":71,"column":37}},"loc":{"start":{"line":71,"column":40},"end":{"line":71,"column":58}},"line":71},"9":{"name":"(anonymous_9)","decl":{"start":{"line":77,"column":34},"end":{"line":77,"column":35}},"loc":{"start":{"line":77,"column":61},"end":{"line":77,"column":127}},"line":77},"10":{"name":"(anonymous_10)","decl":{"start":{"line":94,"column":7},"end":{"line":94,"column":8}},"loc":{"start":{"line":94,"column":33},"end":{"line":98,"column":7}},"line":94},"11":{"name":"(anonymous_11)","decl":{"start":{"line":105,"column":7},"end":{"line":105,"column":8}},"loc":{"start":{"line":105,"column":54},"end":{"line":109,"column":7}},"line":105},"12":{"name":"(anonymous_12)","decl":{"start":{"line":116,"column":7},"end":{"line":116,"column":8}},"loc":{"start":{"line":116,"column":33},"end":{"line":120,"column":7}},"line":116},"13":{"name":"(anonymous_13)","decl":{"start":{"line":127,"column":7},"end":{"line":127,"column":8}},"loc":{"start":{"line":127,"column":54},"end":{"line":132,"column":7}},"line":127}},"branchMap":{"0":{"loc":{"start":{"line":9,"column":11},"end":{"line":11,"column":12}},"type":"if","locations":[{"start":{"line":9,"column":11},"end":{"line":11,"column":12}},{"start":{"line":9,"column":11},"end":{"line":11,"column":12}}],"line":9},"1":{"loc":{"start":{"line":38,"column":11},"end":{"line":40,"column":12}},"type":"if","locations":[{"start":{"line":38,"column":11},"end":{"line":40,"column":12}},{"start":{"line":38,"column":11},"end":{"line":40,"column":12}}],"line":38},"2":{"loc":{"start":{"line":45,"column":11},"end":{"line":47,"column":12}},"type":"if","locations":[{"start":{"line":45,"column":11},"end":{"line":47,"column":12}},{"start":{"line":45,"column":11},"end":{"line":47,"column":12}}],"line":45},"3":{"loc":{"start":{"line":45,"column":14},"end":{"line":45,"column":65}},"type":"binary-expr","locations":[{"start":{"line":45,"column":14},"end":{"line":45,"column":43}},{"start":{"line":45,"column":47},"end":{"line":45,"column":65}}],"line":45},"4":{"loc":{"start":{"line":57,"column":11},"end":{"line":57,"column":59}},"type":"if","locations":[{"start":{"line":57,"column":11},"end":{"line":57,"column":59}},{"start":{"line":57,"column":11},"end":{"line":57,"column":59}}],"line":57},"5":{"loc":{"start":{"line":58,"column":11},"end":{"line":58,"column":37}},"type":"if","locations":[{"start":{"line":58,"column":11},"end":{"line":58,"column":37}},{"start":{"line":58,"column":11},"end":{"line":58,"column":37}}],"line":58},"6":{"loc":{"start":{"line":59,"column":11},"end":{"line":59,"column":97}},"type":"if","locations":[{"start":{"line":59,"column":11},"end":{"line":59,"column":97}},{"start":{"line":59,"column":11},"end":{"line":59,"column":97}}],"line":59},"7":{"loc":{"start":{"line":59,"column":14},"end":{"line":59,"column":82}},"type":"binary-expr","locations":[{"start":{"line":59,"column":15},"end":{"line":59,"column":23}},{"start":{"line":59,"column":28},"end":{"line":59,"column":53}},{"start":{"line":59,"column":57},"end":{"line":59,"column":62}},{"start":{"line":59,"column":66},"end":{"line":59,"column":82}}],"line":59},"8":{"loc":{"start":{"line":63,"column":11},"end":{"line":63,"column":159}},"type":"if","locations":[{"start":{"line":63,"column":11},"end":{"line":63,"column":159}},{"start":{"line":63,"column":11},"end":{"line":63,"column":159}}],"line":63},"9":{"loc":{"start":{"line":63,"column":14},"end":{"line":63,"column":50}},"type":"binary-expr","locations":[{"start":{"line":63,"column":14},"end":{"line":63,"column":22}},{"start":{"line":63,"column":26},"end":{"line":63,"column":50}}],"line":63},"10":{"loc":{"start":{"line":69,"column":24},"end":{"line":71,"column":58}},"type":"cond-expr","locations":[{"start":{"line":70,"column":12},"end":{"line":70,"column":63}},{"start":{"line":71,"column":12},"end":{"line":71,"column":58}}],"line":69},"11":{"loc":{"start":{"line":69,"column":24},"end":{"line":69,"column":51}},"type":"binary-expr","locations":[{"start":{"line":69,"column":24},"end":{"line":69,"column":30}},{"start":{"line":69,"column":34},"end":{"line":69,"column":51}}],"line":69}},"s":{"0":1,"1":1,"2":4,"3":0,"4":4,"5":4,"6":4,"7":4,"8":1,"9":1,"10":1,"11":0,"12":0,"13":1,"14":0,"15":0,"16":0,"17":1,"18":0,"19":0,"20":0,"21":0,"22":0,"23":0,"24":0,"25":0,"26":0,"27":0,"28":0,"29":0,"30":0,"31":0,"32":1,"33":0,"34":0,"35":0,"36":0,"37":0,"38":1,"39":0,"40":1,"41":1,"42":1,"43":1,"44":1,"45":1},"f":{"0":1,"1":4,"2":0,"3":0,"4":0,"5":0,"6":0,"7":0,"8":0,"9":0,"10":1,"11":1,"12":1,"13":1},"b":{"0":[0,4],"1":[0,0],"2":[0,0],"3":[0,0],"4":[0,0],"5":[0,0],"6":[0,0],"7":[0,0,0,0],"8":[0,0],"9":[0,0],"10":[0,0],"11":[0,0]},"_coverageSchema":"1a1c01bbd47fc00a2c39e90264f33305004495a9","hash":"01eb3e3110d9cc941681032d3bcc068d90365d15"}
}
