TN:
SF:test\coverage\p5.drawer.test.js
FN:1,(anonymous_0)
FN:6,__webpack_require__
FN:37,(anonymous_2)
FN:44,(anonymous_3)
FN:56,(anonymous_4)
FN:63,(anonymous_5)
FN:68,(anonymous_6)
FN:70,getDefault
FN:71,getModuleExports
FN:77,(anonymous_9)
FN:94,(anonymous_10)
FN:105,(anonymous_11)
FN:116,(anonymous_12)
FN:127,(anonymous_13)
FNF:14
FNH:6
FNDA:1,(anonymous_0)
FNDA:4,__webpack_require__
FNDA:0,(anonymous_2)
FNDA:0,(anonymous_3)
FNDA:0,(anonymous_4)
FNDA:0,(anonymous_5)
FNDA:0,(anonymous_6)
FNDA:0,getDefault
FNDA:0,getModuleExports
FNDA:0,(anonymous_9)
FNDA:1,(anonymous_10)
FNDA:1,(anonymous_11)
FNDA:1,(anonymous_12)
FNDA:1,(anonymous_13)
DA:1,1
DA:3,1
DA:9,4
DA:10,0
DA:13,4
DA:20,4
DA:23,4
DA:26,4
DA:31,1
DA:34,1
DA:37,1
DA:38,0
DA:39,0
DA:44,1
DA:45,0
DA:46,0
DA:48,0
DA:56,1
DA:57,0
DA:58,0
DA:59,0
DA:60,0
DA:61,0
DA:62,0
DA:63,0
DA:64,0
DA:68,1
DA:69,0
DA:70,0
DA:71,0
DA:72,0
DA:73,0
DA:77,1
DA:80,1
DA:84,1
DA:96,1
DA:107,1
DA:118,1
DA:130,1
LF:39
LH:20
BRDA:9,0,0,0
BRDA:9,0,1,4
BRDA:38,1,0,0
BRDA:38,1,1,0
BRDA:45,2,0,0
BRDA:45,2,1,0
BRDA:45,3,0,0
BRDA:45,3,1,0
BRDA:57,4,0,0
BRDA:57,4,1,0
BRDA:58,5,0,0
BRDA:58,5,1,0
BRDA:59,6,0,0
BRDA:59,6,1,0
BRDA:59,7,0,0
BRDA:59,7,1,0
BRDA:59,7,2,0
BRDA:59,7,3,0
BRDA:63,8,0,0
BRDA:63,8,1,0
BRDA:63,9,0,0
BRDA:63,9,1,0
BRDA:69,10,0,0
BRDA:69,10,1,0
BRDA:69,11,0,0
BRDA:69,11,1,0
BRF:26
BRH:1
end_of_record
